[GIN-debug] [WARNING] Running in "debug" mode. Switch to "release" mode in production.
 - using env:	export GIN_MODE=release
 - using code:	gin.SetMode(gin.ReleaseMode)

[GIN-debug] GET    /api/healthz              --> main.main.func1 (5 handlers)
[GIN-debug] POST   /api/auth/register        --> smartcontrol/internal/handlers.(*AuthAPI).Register-fm (5 handlers)
[GIN-debug] POST   /api/auth/login           --> smartcontrol/internal/handlers.(*AuthAPI).Login-fm (5 handlers)
[GIN-debug] POST   /api/auth/logout          --> smartcontrol/internal/handlers.(*AuthAPI).Logout-fm (5 handlers)
[GIN-debug] GET    /api/auth/validate        --> smartcontrol/internal/handlers.(*AuthAPI).ValidateToken-fm (5 handlers)
[GIN-debug] GET    /api/metrics/snapshot     --> smartcontrol/internal/handlers.(*API).MetricsSnapshot-fm (6 handlers)
[GIN-debug] GET    /api/metrics/stream       --> smartcontrol/internal/handlers.(*API).MetricsStream-fm (6 handlers)
[GIN-debug] GET    /api/hardware/snapshot    --> smartcontrol/internal/handlers.(*API).HardwareSnapshot-fm (6 handlers)
[GIN-debug] POST   /api/audio/upload         --> smartcontrol/internal/handlers.(*API).AudioUpload-fm (6 handlers)
[GIN-debug] POST   /api/audio/add            --> smartcontrol/internal/handlers.(*API).AudioAdd-fm (6 handlers)
[GIN-debug] GET    /api/audio/list           --> smartcontrol/internal/handlers.(*API).AudioList-fm (6 handlers)
[GIN-debug] GET    /api/audio/download/:id   --> smartcontrol/internal/handlers.(*API).AudioDownload-fm (6 handlers)
[GIN-debug] DELETE /api/audio/:id            --> smartcontrol/internal/handlers.(*API).AudioDelete-fm (6 handlers)
[GIN-debug] GET    /api/alerts/list          --> smartcontrol/internal/handlers.(*API).AlertsList-fm (6 handlers)
[GIN-debug] POST   /api/alerts/ack/:id       --> smartcontrol/internal/handlers.(*API).AlertAck-fm (6 handlers)
[GIN-debug] POST   /api/alerts/new           --> smartcontrol/internal/handlers.(*API).AlertNew-fm (6 handlers)
[GIN-debug] POST   /api/alerts/import        --> smartcontrol/internal/handlers.(*API).AlertsImport-fm (6 handlers)
[GIN-debug] DELETE /api/alerts/clear-resolved --> smartcontrol/internal/handlers.(*API).AlertsClearResolved-fm (6 handlers)
[GIN-debug] GET    /api/alerts/stats         --> smartcontrol/internal/handlers.(*API).AlertsStats-fm (6 handlers)
[GIN-debug] POST   /api/alerts/resolve/:id   --> smartcontrol/internal/handlers.(*API).AlertResolve-fm (6 handlers)
[GIN-debug] POST   /api/logs/append          --> smartcontrol/internal/handlers.(*API).LogAppend-fm (6 handlers)
[GIN-debug] GET    /api/logs/list            --> smartcontrol/internal/handlers.(*API).LogList-fm (6 handlers)
[GIN-debug] PUT    /api/logs/:id             --> smartcontrol/internal/handlers.(*API).LogEdit-fm (6 handlers)
[GIN-debug] DELETE /api/logs/:id             --> smartcontrol/internal/handlers.(*API).LogDelete-fm (6 handlers)
[GIN-debug] POST   /api/logs/import          --> smartcontrol/internal/handlers.(*API).LogImport-fm (6 handlers)
[GIN-debug] GET    /api/logs/stats           --> smartcontrol/internal/handlers.(*API).LogStats-fm (6 handlers)
[GIN-debug] GET    /api/updates/list         --> smartcontrol/internal/handlers.(*API).UpdatesList-fm (6 handlers)
[GIN-debug] POST   /api/updates/add          --> smartcontrol/internal/handlers.(*API).UpdatesAdd-fm (6 handlers)
[GIN-debug] PUT    /api/updates/:id          --> smartcontrol/internal/handlers.(*API).UpdatesEdit-fm (6 handlers)
[GIN-debug] DELETE /api/updates/:id          --> smartcontrol/internal/handlers.(*API).UpdatesDelete-fm (6 handlers)
[GIN-debug] POST   /api/updates/import       --> smartcontrol/internal/handlers.(*API).UpdatesImport-fm (6 handlers)
[GIN-debug] GET    /api/updates/stats        --> smartcontrol/internal/handlers.(*API).UpdatesStats-fm (6 handlers)
[GIN-debug] GET    /api/updates/check        --> smartcontrol/internal/handlers.(*API).UpdatesCheck-fm (6 handlers)
[GIN-debug] GET    /api/sync/status          --> smartcontrol/internal/handlers.(*API).SyncStatusGet-fm (6 handlers)
[GIN-debug] POST   /api/sync/status          --> smartcontrol/internal/handlers.(*API).SyncStatusSet-fm (6 handlers)
[GIN-debug] GET    /api/sync/tasks           --> smartcontrol/internal/handlers.(*API).SyncTasksList-fm (6 handlers)
[GIN-debug] POST   /api/sync/tasks           --> smartcontrol/internal/handlers.(*API).SyncTasksCreate-fm (6 handlers)
[GIN-debug] PUT    /api/sync/tasks/:id       --> smartcontrol/internal/handlers.(*API).SyncTasksEdit-fm (6 handlers)
[GIN-debug] DELETE /api/sync/tasks/:id       --> smartcontrol/internal/handlers.(*API).SyncTasksDelete-fm (6 handlers)
[GIN-debug] POST   /api/sync/tasks/import    --> smartcontrol/internal/handlers.(*API).SyncTasksImport-fm (6 handlers)
[GIN-debug] GET    /api/sync/tasks/stats     --> smartcontrol/internal/handlers.(*API).SyncTasksStats-fm (6 handlers)
[GIN-debug] GET    /api/sync/tasks/progress  --> smartcontrol/internal/handlers.(*API).SyncTasksProgress-fm (6 handlers)
[GIN-debug] GET    /api/sync/tasks/info      --> smartcontrol/internal/handlers.(*API).SyncTasksInfo-fm (6 handlers)
[GIN-debug] POST   /api/sync/tasks/:id/start --> smartcontrol/internal/handlers.(*API).SyncTaskStart-fm (6 handlers)
[GIN-debug] POST   /api/sync/tasks/:id/stop  --> smartcontrol/internal/handlers.(*API).SyncTaskStop-fm (6 handlers)
[GIN-debug] POST   /api/sync/tasks/stop-all  --> smartcontrol/internal/handlers.(*API).SyncTaskStopAll-fm (6 handlers)
[GIN-debug] POST   /api/sync/tasks/check-ip  --> smartcontrol/internal/handlers.(*API).SyncCheckIP-fm (6 handlers)
[GIN-debug] GET    /api/sync/ping            --> smartcontrol/internal/handlers.(*API).SyncPing-fm (6 handlers)
[GIN-debug] GET    /api/sync/export-data     --> smartcontrol/internal/handlers.(*API).SyncExportData-fm (6 handlers)
[GIN-debug] POST   /api/sync/import-data     --> smartcontrol/internal/handlers.(*API).SyncImportData-fm (6 handlers)
[GIN-debug] GET    /api/report/perf          --> smartcontrol/internal/handlers.(*API).ReportPerf-fm (6 handlers)
[GIN-debug] GET    /api/report/perf-list     --> smartcontrol/internal/handlers.(*API).PerfReportList-fm (6 handlers)
[GIN-debug] POST   /api/report/perf-add      --> smartcontrol/internal/handlers.(*API).PerfReportAdd-fm (6 handlers)
[GIN-debug] POST   /api/report/perf-import   --> smartcontrol/internal/handlers.(*API).PerfReportImport-fm (6 handlers)
[GIN-debug] DELETE /api/report/perf-delete/:id --> smartcontrol/internal/handlers.(*API).PerfReportDelete-fm (6 handlers)
[GIN-debug] POST   /api/report/perf-collect  --> smartcontrol/internal/handlers.(*API).PerfCollect-fm (6 handlers)
[GIN-debug] GET    /api/vnc/ws               --> smartcontrol/internal/handlers.(*API).VNCProxyWS-fm (6 handlers)
[GIN-debug] GET    /api/ssh/ws               --> smartcontrol/internal/handlers.(*API).SSHProxyWS-fm (6 handlers)
[GIN-debug] GET    /api/devices              --> smartcontrol/internal/handlers.(*API).DevicesList-fm (6 handlers)
[GIN-debug] POST   /api/devices/disconnect-all --> smartcontrol/internal/handlers.(*API).DevicesDisconnectAll-fm (6 handlers)
[GIN-debug] POST   /api/devices/:id/status   --> smartcontrol/internal/handlers.(*API).DeviceSetStatus-fm (6 handlers)
[GIN-debug] GET    /api/hardware/items       --> smartcontrol/internal/handlers.(*API).HardwareItemsList-fm (6 handlers)
[GIN-debug] POST   /api/hardware/items       --> smartcontrol/internal/handlers.(*API).HardwareItemsCreate-fm (6 handlers)
[GIN-debug] GET    /api/hardware/items/stats --> smartcontrol/internal/handlers.(*API).HardwareItemsStats-fm (6 handlers)
[GIN-debug] POST   /api/hardware/items/refresh --> smartcontrol/internal/handlers.(*API).HardwareItemsRefresh-fm (6 handlers)
[GIN-debug] GET    /api/hardware/items/:id   --> smartcontrol/internal/handlers.(*API).HardwareItemsGet-fm (6 handlers)
[GIN-debug] PUT    /api/hardware/items/:id   --> smartcontrol/internal/handlers.(*API).HardwareItemsUpdate-fm (6 handlers)
[GIN-debug] DELETE /api/hardware/items/:id   --> smartcontrol/internal/handlers.(*API).HardwareItemsDelete-fm (6 handlers)
[GIN-debug] POST   /api/hardware/items/:id/refresh --> smartcontrol/internal/handlers.(*API).HardwareItemsRefreshOne-fm (6 handlers)
[GIN-debug] POST   /api/hardware/items/check-agent --> smartcontrol/internal/handlers.(*API).HardwareCheckAgent-fm (6 handlers)
[GIN-debug] GET    /api/hardware/items/live  --> smartcontrol/internal/handlers.(*API).HardwareItemsLive-fm (6 handlers)
[GIN-debug] POST   /api/hardware/push        --> smartcontrol/internal/handlers.(*API).HardwarePush-fm (6 handlers)
[GIN-debug] GET    /api/user/stats           --> smartcontrol/internal/handlers.(*API).UserStatsGet-fm (6 handlers)
[GIN-debug] POST   /api/user/stats/incr_connection --> smartcontrol/internal/handlers.(*API).UserStatsIncrConnection-fm (6 handlers)
[GIN-debug] GET    /api/flight/missions      --> smartcontrol/internal/handlers.(*API).FlightMissionsList-fm (6 handlers)
[GIN-debug] POST   /api/flight/missions      --> smartcontrol/internal/handlers.(*API).FlightMissionsCreate-fm (6 handlers)
[GIN-debug] GET    /api/flight/missions/stats --> smartcontrol/internal/handlers.(*API).FlightMissionsStats-fm (6 handlers)
[GIN-debug] POST   /api/flight/missions/import --> smartcontrol/internal/handlers.(*API).FlightMissionsImport-fm (6 handlers)
[GIN-debug] GET    /api/flight/missions/:id  --> smartcontrol/internal/handlers.(*API).FlightMissionsGet-fm (6 handlers)
[GIN-debug] PUT    /api/flight/missions/:id  --> smartcontrol/internal/handlers.(*API).FlightMissionsUpdate-fm (6 handlers)
[GIN-debug] DELETE /api/flight/missions/:id  --> smartcontrol/internal/handlers.(*API).FlightMissionsDelete-fm (6 handlers)
[GIN-debug] POST   /api/flight/missions/:id/phase --> smartcontrol/internal/handlers.(*API).FlightMissionsUpdatePhase-fm (6 handlers)
[GIN-debug] GET    /api/flight/missions/:id/logs --> smartcontrol/internal/handlers.(*API).FlightMissionsLogs-fm (6 handlers)
[GIN-debug] POST   /api/flight/missions/push --> smartcontrol/internal/handlers.(*API).FlightMissionPushByAgent-fm (6 handlers)
[GIN-debug] POST   /api/flight/missions/plan --> smartcontrol/internal/handlers.(*API).FlightPlanCreate-fm (6 handlers)
[GIN-debug] GET    /api/flight/missions/plans --> smartcontrol/internal/handlers.(*API).FlightPlanList-fm (6 handlers)
[GIN-debug] GET    /api/flight/missions/plan/status --> smartcontrol/internal/handlers.(*API).FlightPlanStatus-fm (6 handlers)
[GIN-debug] GET    /api/flight/missions/plan/:id --> smartcontrol/internal/handlers.(*API).FlightPlanGet-fm (6 handlers)
[GIN-debug] POST   /api/flight/missions/plan/:id/adopt --> smartcontrol/internal/handlers.(*API).FlightPlanAdopt-fm (6 handlers)
[GIN-debug] POST   /api/flight/missions/plan/:id/discard --> smartcontrol/internal/handlers.(*API).FlightPlanDiscard-fm (6 handlers)
[GIN-debug] POST   /api/amap/geocode         --> smartcontrol/internal/handlers.(*API).AmapGeocode-fm (6 handlers)
[GIN-debug] POST   /api/amap/regeocode       --> smartcontrol/internal/handlers.(*API).AmapRegeocode-fm (6 handlers)
[GIN-debug] GET    /api/gps/devices          --> smartcontrol/internal/handlers.(*API).GpsDevicesList-fm (6 handlers)
[GIN-debug] GET    /api/gps/devices/stats    --> smartcontrol/internal/handlers.(*API).GpsStats-fm (6 handlers)
[GIN-debug] GET    /api/gps/devices/:id      --> smartcontrol/internal/handlers.(*API).GpsDevicesGet-fm (6 handlers)
[GIN-debug] POST   /api/gps/devices/:id/push --> smartcontrol/internal/handlers.(*API).GpsDevicesPush-fm (6 handlers)
[GIN-debug] POST   /api/gps/devices/:id/reset-location --> smartcontrol/internal/handlers.(*API).GpsDevicesResetLocation-fm (6 handlers)
[GIN-debug] POST   /api/gps/devices/:id/toggle-map --> smartcontrol/internal/handlers.(*API).GpsDevicesToggleMapVisible-fm (6 handlers)
[GIN-debug] GET    /api/gps/devices/:id/history --> smartcontrol/internal/handlers.(*API).GpsDevicesHistory-fm (6 handlers)
[GIN-debug] GET    /api/gps/fence-alerts     --> smartcontrol/internal/handlers.(*API).GpsFenceAlerts-fm (6 handlers)
[GIN-debug] POST   /api/gps/fence-alerts/:id/ack --> smartcontrol/internal/handlers.(*API).GpsFenceAlertAck-fm (6 handlers)
[GIN-debug] POST   /api/gps/push             --> smartcontrol/internal/handlers.(*API).GpsPushByAgent-fm (6 handlers)
[GIN-debug] GET    /api/drones               --> smartcontrol/internal/handlers.(*API).DronesList-fm (6 handlers)
[GIN-debug] POST   /api/drones               --> smartcontrol/internal/handlers.(*API).DronesCreate-fm (6 handlers)
[GIN-debug] GET    /api/drones/stats         --> smartcontrol/internal/handlers.(*API).DronesStats-fm (6 handlers)
[GIN-debug] GET    /api/drones/:id           --> smartcontrol/internal/handlers.(*API).DronesGet-fm (6 handlers)
[GIN-debug] PUT    /api/drones/:id           --> smartcontrol/internal/handlers.(*API).DronesUpdate-fm (6 handlers)
[GIN-debug] DELETE /api/drones/:id           --> smartcontrol/internal/handlers.(*API).DronesDelete-fm (6 handlers)
[GIN-debug] GET    /api/battery/records      --> smartcontrol/internal/handlers.(*API).BatteryRecordsList-fm (6 handlers)
[GIN-debug] POST   /api/battery/report       --> smartcontrol/internal/handlers.(*API).BatteryReport-fm (6 handlers)
[GIN-debug] GET    /api/battery/latest       --> smartcontrol/internal/handlers.(*API).BatteryLatest-fm (6 handlers)
[GIN-debug] GET    /api/battery/history/:device_id --> smartcontrol/internal/handlers.(*API).BatteryHistory-fm (6 handlers)
[GIN-debug] GET    /api/battery/stats        --> smartcontrol/internal/handlers.(*API).BatteryStats-fm (6 handlers)
[GIN-debug] GET    /api/battery/alerts       --> smartcontrol/internal/handlers.(*API).BatteryAlertsList-fm (6 handlers)
[GIN-debug] POST   /api/battery/alerts/:id/ack --> smartcontrol/internal/handlers.(*API).BatteryAlertAck-fm (6 handlers)
[GIN-debug] POST   /api/battery/push         --> smartcontrol/internal/handlers.(*API).BatteryPushByAgent-fm (6 handlers)
[GIN-debug] GET    /api/gps/stream           --> smartcontrol/internal/handlers.(*API).GpsStream-fm (6 handlers)
[GIN-debug] GET    /api/battery/stream       --> smartcontrol/internal/handlers.(*API).BatteryStream-fm (6 handlers)
[GIN-debug] GET    /api/flight/stream        --> smartcontrol/internal/handlers.(*API).FlightStream-fm (6 handlers)
[GIN-debug] GET    /api/noflyzone            --> smartcontrol/internal/handlers.(*API).NoFlyZoneList-fm (6 handlers)
[GIN-debug] POST   /api/noflyzone            --> smartcontrol/internal/handlers.(*API).NoFlyZoneCreate-fm (6 handlers)
[GIN-debug] GET    /api/noflyzone/:id        --> smartcontrol/internal/handlers.(*API).NoFlyZoneGet-fm (6 handlers)
[GIN-debug] PUT    /api/noflyzone/:id        --> smartcontrol/internal/handlers.(*API).NoFlyZoneUpdate-fm (6 handlers)
[GIN-debug] DELETE /api/noflyzone/:id        --> smartcontrol/internal/handlers.(*API).NoFlyZoneDelete-fm (6 handlers)
[GIN-debug] GET    /api/config               --> smartcontrol/internal/handlers.(*API).AppConfig-fm (6 handlers)
[GIN-debug] POST   /api/cot/chains           --> smartcontrol/internal/handlers.(*CoTAPI).CreateCoTChain-fm (6 handlers)
[GIN-debug] GET    /api/cot/chains/:id       --> smartcontrol/internal/handlers.(*CoTAPI).GetCoTChain-fm (6 handlers)
[GIN-debug] GET    /api/cot/chains           --> smartcontrol/internal/handlers.(*CoTAPI).ListCoTChains-fm (6 handlers)
[GIN-debug] DELETE /api/cot/chains/:id       --> smartcontrol/internal/handlers.(*CoTAPI).DeleteCoTChain-fm (6 handlers)
[GIN-debug] POST   /api/cot/analyze          --> smartcontrol/internal/handlers.(*CoTAPI).CoTAnalyze-fm (6 handlers)
[GIN-debug] GET    /app/*filepath            --> github.com/gin-gonic/gin.(*RouterGroup).createStaticHandler.func1 (6 handlers)
[GIN-debug] HEAD   /app/*filepath            --> github.com/gin-gonic/gin.(*RouterGroup).createStaticHandler.func1 (6 handlers)
[GIN-debug] GET    /                         --> main.main.func2 (6 handlers)
